[12-Feb-2026 06:10:30 UTC] PHP Warning:  require(/home/u220649928/domains/ccc-curi-eval.com/public_html/super_admin/vendor/autoload.php): Failed to open stream: No such file or directory in /home/u220649928/domains/ccc-curi-eval.com/public_html/super_admin/create_student_account_handler.php on line 34
[12-Feb-2026 06:10:30 UTC] PHP Fatal error:  Uncaught Error: Failed opening required '/home/u220649928/domains/ccc-curi-eval.com/public_html/super_admin/vendor/autoload.php' (include_path='.:/opt/alt/php83/usr/share/pear:/opt/alt/php83/usr/share/php:/usr/share/pear:/usr/share/php') in /home/u220649928/domains/ccc-curi-eval.com/public_html/super_admin/create_student_account_handler.php:34
Stack trace:
#0 {main}
  thrown in /home/u220649928/domains/ccc-curi-eval.com/public_html/super_admin/create_student_account_handler.php on line 34
[12-Feb-2026 06:10:38 UTC] PHP Warning:  require(/home/u220649928/domains/ccc-curi-eval.com/public_html/super_admin/vendor/autoload.php): Failed to open stream: No such file or directory in /home/u220649928/domains/ccc-curi-eval.com/public_html/super_admin/create_student_account_handler.php on line 34
[12-Feb-2026 06:10:38 UTC] PHP Fatal error:  Uncaught Error: Failed opening required '/home/u220649928/domains/ccc-curi-eval.com/public_html/super_admin/vendor/autoload.php' (include_path='.:/opt/alt/php83/usr/share/pear:/opt/alt/php83/usr/share/php:/usr/share/pear:/usr/share/php') in /home/u220649928/domains/ccc-curi-eval.com/public_html/super_admin/create_student_account_handler.php:34
Stack trace:
#0 {main}
  thrown in /home/u220649928/domains/ccc-curi-eval.com/public_html/super_admin/create_student_account_handler.php on line 34
[12-Feb-2026 06:10:55 UTC] PHP Warning:  require(/home/u220649928/domains/ccc-curi-eval.com/public_html/super_admin/vendor/autoload.php): Failed to open stream: No such file or directory in /home/u220649928/domains/ccc-curi-eval.com/public_html/super_admin/create_student_account_handler.php on line 34
[12-Feb-2026 06:10:55 UTC] PHP Fatal error:  Uncaught Error: Failed opening required '/home/u220649928/domains/ccc-curi-eval.com/public_html/super_admin/vendor/autoload.php' (include_path='.:/opt/alt/php83/usr/share/pear:/opt/alt/php83/usr/share/php:/usr/share/pear:/usr/share/php') in /home/u220649928/domains/ccc-curi-eval.com/public_html/super_admin/create_student_account_handler.php:34
Stack trace:
#0 {main}
  thrown in /home/u220649928/domains/ccc-curi-eval.com/public_html/super_admin/create_student_account_handler.php on line 34
[12-Feb-2026 06:11:08 UTC] PHP Warning:  require(/home/u220649928/domains/ccc-curi-eval.com/public_html/super_admin/vendor/autoload.php): Failed to open stream: No such file or directory in /home/u220649928/domains/ccc-curi-eval.com/public_html/super_admin/create_student_account_handler.php on line 34
[12-Feb-2026 06:11:08 UTC] PHP Fatal error:  Uncaught Error: Failed opening required '/home/u220649928/domains/ccc-curi-eval.com/public_html/super_admin/vendor/autoload.php' (include_path='.:/opt/alt/php83/usr/share/pear:/opt/alt/php83/usr/share/php:/usr/share/pear:/usr/share/php') in /home/u220649928/domains/ccc-curi-eval.com/public_html/super_admin/create_student_account_handler.php:34
Stack trace:
#0 {main}
  thrown in /home/u220649928/domains/ccc-curi-eval.com/public_html/super_admin/create_student_account_handler.php on line 34
[12-Feb-2026 06:12:24 UTC] PHP Warning:  require(/home/u220649928/domains/ccc-curi-eval.com/public_html/super_admin/vendor/autoload.php): Failed to open stream: No such file or directory in /home/u220649928/domains/ccc-curi-eval.com/public_html/super_admin/create_student_account_handler.php on line 34
[12-Feb-2026 06:12:24 UTC] PHP Fatal error:  Uncaught Error: Failed opening required '/home/u220649928/domains/ccc-curi-eval.com/public_html/super_admin/vendor/autoload.php' (include_path='.:/opt/alt/php83/usr/share/pear:/opt/alt/php83/usr/share/php:/usr/share/pear:/usr/share/php') in /home/u220649928/domains/ccc-curi-eval.com/public_html/super_admin/create_student_account_handler.php:34
Stack trace:
#0 {main}
  thrown in /home/u220649928/domains/ccc-curi-eval.com/public_html/super_admin/create_student_account_handler.php on line 34
[12-Feb-2026 06:13:38 UTC] PHP Warning:  require(/home/u220649928/domains/ccc-curi-eval.com/public_html/super_admin/vendor/autoload.php): Failed to open stream: No such file or directory in /home/u220649928/domains/ccc-curi-eval.com/public_html/super_admin/create_student_account_handler.php on line 34
[12-Feb-2026 06:13:38 UTC] PHP Fatal error:  Uncaught Error: Failed opening required '/home/u220649928/domains/ccc-curi-eval.com/public_html/super_admin/vendor/autoload.php' (include_path='.:/opt/alt/php83/usr/share/pear:/opt/alt/php83/usr/share/php:/usr/share/pear:/usr/share/php') in /home/u220649928/domains/ccc-curi-eval.com/public_html/super_admin/create_student_account_handler.php:34
Stack trace:
#0 {main}
  thrown in /home/u220649928/domains/ccc-curi-eval.com/public_html/super_admin/create_student_account_handler.php on line 34
[12-Feb-2026 06:13:57 UTC] PHP Warning:  require(/home/u220649928/domains/ccc-curi-eval.com/public_html/super_admin/vendor/autoload.php): Failed to open stream: No such file or directory in /home/u220649928/domains/ccc-curi-eval.com/public_html/super_admin/create_student_account_handler.php on line 34
[12-Feb-2026 06:13:57 UTC] PHP Fatal error:  Uncaught Error: Failed opening required '/home/u220649928/domains/ccc-curi-eval.com/public_html/super_admin/vendor/autoload.php' (include_path='.:/opt/alt/php83/usr/share/pear:/opt/alt/php83/usr/share/php:/usr/share/pear:/usr/share/php') in /home/u220649928/domains/ccc-curi-eval.com/public_html/super_admin/create_student_account_handler.php:34
Stack trace:
#0 {main}
  thrown in /home/u220649928/domains/ccc-curi-eval.com/public_html/super_admin/create_student_account_handler.php on line 34
[12-Feb-2026 06:14:17 UTC] PHP Warning:  require(/home/u220649928/domains/ccc-curi-eval.com/public_html/super_admin/vendor/autoload.php): Failed to open stream: No such file or directory in /home/u220649928/domains/ccc-curi-eval.com/public_html/super_admin/create_student_account_handler.php on line 34
[12-Feb-2026 06:14:17 UTC] PHP Fatal error:  Uncaught Error: Failed opening required '/home/u220649928/domains/ccc-curi-eval.com/public_html/super_admin/vendor/autoload.php' (include_path='.:/opt/alt/php83/usr/share/pear:/opt/alt/php83/usr/share/php:/usr/share/pear:/usr/share/php') in /home/u220649928/domains/ccc-curi-eval.com/public_html/super_admin/create_student_account_handler.php:34
Stack trace:
#0 {main}
  thrown in /home/u220649928/domains/ccc-curi-eval.com/public_html/super_admin/create_student_account_handler.php on line 34
[12-Feb-2026 06:17:21 UTC] PHP Warning:  require(/home/u220649928/domains/ccc-curi-eval.com/public_html/super_admin../vendor/autoload.php): Failed to open stream: No such file or directory in /home/u220649928/domains/ccc-curi-eval.com/public_html/super_admin/create_student_account_handler.php on line 34
[12-Feb-2026 06:17:21 UTC] PHP Fatal error:  Uncaught Error: Failed opening required '/home/u220649928/domains/ccc-curi-eval.com/public_html/super_admin../vendor/autoload.php' (include_path='.:/opt/alt/php83/usr/share/pear:/opt/alt/php83/usr/share/php:/usr/share/pear:/usr/share/php') in /home/u220649928/domains/ccc-curi-eval.com/public_html/super_admin/create_student_account_handler.php:34
Stack trace:
#0 {main}
  thrown in /home/u220649928/domains/ccc-curi-eval.com/public_html/super_admin/create_student_account_handler.php on line 34
[12-Feb-2026 06:17:22 UTC] PHP Warning:  require(/home/u220649928/domains/ccc-curi-eval.com/public_html/super_admin../vendor/autoload.php): Failed to open stream: No such file or directory in /home/u220649928/domains/ccc-curi-eval.com/public_html/super_admin/create_student_account_handler.php on line 34
[12-Feb-2026 06:17:22 UTC] PHP Fatal error:  Uncaught Error: Failed opening required '/home/u220649928/domains/ccc-curi-eval.com/public_html/super_admin../vendor/autoload.php' (include_path='.:/opt/alt/php83/usr/share/pear:/opt/alt/php83/usr/share/php:/usr/share/pear:/usr/share/php') in /home/u220649928/domains/ccc-curi-eval.com/public_html/super_admin/create_student_account_handler.php:34
Stack trace:
#0 {main}
  thrown in /home/u220649928/domains/ccc-curi-eval.com/public_html/super_admin/create_student_account_handler.php on line 34
[12-Feb-2026 06:17:22 UTC] PHP Warning:  require(/home/u220649928/domains/ccc-curi-eval.com/public_html/super_admin../vendor/autoload.php): Failed to open stream: No such file or directory in /home/u220649928/domains/ccc-curi-eval.com/public_html/super_admin/create_student_account_handler.php on line 34
[12-Feb-2026 06:17:22 UTC] PHP Fatal error:  Uncaught Error: Failed opening required '/home/u220649928/domains/ccc-curi-eval.com/public_html/super_admin../vendor/autoload.php' (include_path='.:/opt/alt/php83/usr/share/pear:/opt/alt/php83/usr/share/php:/usr/share/pear:/usr/share/php') in /home/u220649928/domains/ccc-curi-eval.com/public_html/super_admin/create_student_account_handler.php:34
Stack trace:
#0 {main}
  thrown in /home/u220649928/domains/ccc-curi-eval.com/public_html/super_admin/create_student_account_handler.php on line 34
[12-Feb-2026 06:17:22 UTC] PHP Warning:  require(/home/u220649928/domains/ccc-curi-eval.com/public_html/super_admin../vendor/autoload.php): Failed to open stream: No such file or directory in /home/u220649928/domains/ccc-curi-eval.com/public_html/super_admin/create_student_account_handler.php on line 34
[12-Feb-2026 06:17:22 UTC] PHP Fatal error:  Uncaught Error: Failed opening required '/home/u220649928/domains/ccc-curi-eval.com/public_html/super_admin../vendor/autoload.php' (include_path='.:/opt/alt/php83/usr/share/pear:/opt/alt/php83/usr/share/php:/usr/share/pear:/usr/share/php') in /home/u220649928/domains/ccc-curi-eval.com/public_html/super_admin/create_student_account_handler.php:34
Stack trace:
#0 {main}
  thrown in /home/u220649928/domains/ccc-curi-eval.com/public_html/super_admin/create_student_account_handler.php on line 34
[23-Feb-2026 05:33:47 UTC] PHP Warning:  Uninitialized string offset 71 in /home/u220649928/domains/ccc-curi-eval.com/public_html/super_admin/create_student_account_handler.php on line 47
[23-Feb-2026 05:44:45 UTC] PHP Warning:  Uninitialized string offset 71 in /home/u220649928/domains/ccc-curi-eval.com/public_html/super_admin/create_student_account_handler.php on line 47
[17-Mar-2026 16:37:46 Europe/Berlin] PHP Warning:  Uninitialized string offset 70 in C:\xampp\htdocs\website\super_admin\create_student_account_handler.php on line 34
[14-Apr-2026 04:42:05 Europe/Berlin] PHP Warning:  Uninitialized string offset 71 in C:\xampp\htdocs\website\super_admin\create_student_account_handler.php on line 37
