[2025-09-26 18:53:08] Table structure: CREATE TABLE `assign_curriculum` (
  `program_id` int(11) NOT NULL AUTO_INCREMENT,
  `program` varchar(20) NOT NULL,
  PRIMARY KEY (`program_id`)
) ENGINE=InnoDB DEFAULT CHARSET=utf8mb4 COLLATE=utf8mb4_general_ci
[2025-09-26 18:55:58] Table structure: CREATE TABLE `assign_curriculum` (
  `program_id` int(11) NOT NULL AUTO_INCREMENT,
  `program` varchar(20) NOT NULL,
  `created_at` timestamp NOT NULL DEFAULT current_timestamp(),
  PRIMARY KEY (`program_id`)
) ENGINE=InnoDB DEFAULT CHARSET=utf8mb4 COLLATE=utf8mb4_general_ci
[2025-09-26 18:57:49] Table structure: CREATE TABLE `assign_curriculum` (
  `program_id` int(11) NOT NULL AUTO_INCREMENT,
  `program` varchar(20) NOT NULL,
  `created_at` timestamp NOT NULL DEFAULT current_timestamp(),
  `fiscal_year` int(11) DEFAULT NULL,
  PRIMARY KEY (`program_id`)
) ENGINE=InnoDB DEFAULT CHARSET=utf8mb4 COLLATE=utf8mb4_general_ci
[2025-09-26 18:57:49] Form submitted: Array
(
    [student_id] => 13
    [curriculum_id] => 511
    [program] => 
    [fiscal_year] => 
)

[2025-09-26 18:57:49] Connection info: Array
(
    [host] => localhost
    [user] => root
    [db] => ccc_curriculum_evaluation
    [connected] => yes
    [connection_error] => None
)

[2025-09-26 18:57:49] Validation failed - missing required fields
[2025-09-26 18:57:57] Table structure: CREATE TABLE `assign_curriculum` (
  `program_id` int(11) NOT NULL AUTO_INCREMENT,
  `program` varchar(20) NOT NULL,
  `created_at` timestamp NOT NULL DEFAULT current_timestamp(),
  `fiscal_year` int(11) DEFAULT NULL,
  PRIMARY KEY (`program_id`)
) ENGINE=InnoDB DEFAULT CHARSET=utf8mb4 COLLATE=utf8mb4_general_ci
[2025-09-26 18:57:57] Form submitted: Array
(
    [student_id] => 13
    [curriculum_id] => 511
    [program] => 
    [fiscal_year] => 
)

[2025-09-26 18:57:57] Connection info: Array
(
    [host] => localhost
    [user] => root
    [db] => ccc_curriculum_evaluation
    [connected] => yes
    [connection_error] => None
)

[2025-09-26 18:57:57] Validation failed - missing required fields
[2025-09-26 19:04:35] Table structure: CREATE TABLE `assign_curriculum` (
  `program_id` int(11) NOT NULL AUTO_INCREMENT,
  `program` varchar(20) NOT NULL,
  `created_at` timestamp NOT NULL DEFAULT current_timestamp(),
  `fiscal_year` int(11) DEFAULT NULL,
  PRIMARY KEY (`program_id`)
) ENGINE=InnoDB DEFAULT CHARSET=utf8mb4 COLLATE=utf8mb4_general_ci
[2025-09-26 19:04:35] Form submitted: Array
(
    [student_id] => 13
    [curriculum_id] => 511
    [program] => 
    [fiscal_year] => 
)

[2025-09-26 19:04:35] Connection info: Array
(
    [host] => localhost
    [user] => root
    [db] => ccc_curriculum_evaluation
    [connected] => yes
    [connection_error] => None
)

[2025-09-26 19:04:35] Validation failed - missing required fields
[2025-09-26 19:04:51] Table structure: CREATE TABLE `assign_curriculum` (
  `program_id` int(11) NOT NULL AUTO_INCREMENT,
  `program` varchar(20) NOT NULL,
  `created_at` timestamp NOT NULL DEFAULT current_timestamp(),
  `fiscal_year` int(11) DEFAULT NULL,
  PRIMARY KEY (`program_id`)
) ENGINE=InnoDB DEFAULT CHARSET=utf8mb4 COLLATE=utf8mb4_general_ci
[2025-09-26 19:04:51] Form submitted: Array
(
    [student_id] => 50
    [curriculum_id] => 17
    [program] => BSIT
    [fiscal_year] => 2022-2023
)

[2025-09-26 19:04:51] Connection info: Array
(
    [host] => localhost
    [user] => root
    [db] => ccc_curriculum_evaluation
    [connected] => yes
    [connection_error] => None
)

[2025-09-26 19:04:51] Table structure: CREATE TABLE `assign_curriculum` (
  `program_id` int(11) NOT NULL AUTO_INCREMENT,
  `program` varchar(20) NOT NULL,
  `created_at` timestamp NOT NULL DEFAULT current_timestamp(),
  `fiscal_year` int(11) DEFAULT NULL,
  PRIMARY KEY (`program_id`)
) ENGINE=InnoDB DEFAULT CHARSET=utf8mb4 COLLATE=utf8mb4_general_ci
[2025-09-26 19:04:51] Form submitted: Array
(
    [student_id] => 13
    [curriculum_id] => 511
    [program] => 
    [fiscal_year] => 
)

[2025-09-26 19:04:51] Connection info: Array
(
    [host] => localhost
    [user] => root
    [db] => ccc_curriculum_evaluation
    [connected] => yes
    [connection_error] => None
)

[2025-09-26 19:04:51] Validation failed - missing required fields
[2025-09-26 19:12:07] Updated assign_curriculum table structure
[2025-09-26 19:12:07] Form submitted: Array
(
    [student_id] => 13
    [curriculum_id] => 511
    [program] => 
    [fiscal_year] => 
)

[2025-09-26 19:12:07] Connection info: Array
(
    [host] => localhost
    [user] => root
    [db] => ccc_curriculum_evaluation
    [connected] => yes
    [connection_error] => None
)

[2025-09-26 19:12:07] Validation failed - missing required fields: program, fiscal year
[2025-09-26 19:25:21] Form submitted: Array
(
    [student_id] => 13
    [curriculum_id] => 511
    [program] => 
    [fiscal_year] => 
)

[2025-09-26 19:25:21] Connection info: Array
(
    [host] => localhost
    [user] => root
    [db] => ccc_curriculum_evaluation
    [connected] => yes
    [connection_error] => None
)

[2025-09-26 19:25:21] Validation failed - missing required fields: program, fiscal year
[2025-09-26 19:28:51] Form submitted: Array
(
    [student_id] => 13
    [curriculum_id] => 511
    [program] => 
    [fiscal_year] => 
)

[2025-09-26 19:28:51] Connection info: Array
(
    [host] => localhost
    [user] => root
    [db] => ccc_curriculum_evaluation
    [connected] => yes
    [connection_error] => None
)

[2025-09-26 19:28:51] Validation failed - missing required fields: program, fiscal year
[2025-09-26 19:37:52] Form submitted: Array
(
    [student_id] => 13
    [curriculum_id] => 511
    [program] => 
    [fiscal_year] => 
)

[2025-09-26 19:37:52] Connection info: Array
(
    [host] => localhost
    [user] => root
    [db] => ccc_curriculum_evaluation
    [connected] => yes
    [connection_error] => None
)

[2025-09-26 19:37:52] Validation failed - missing required fields: program, fiscal year
[2025-09-26 19:38:16] Form submitted: Array
(
    [student_id] => 50
    [curriculum_id] => 17
    [program] => bsit
    [fiscal_year] => 2022-2023
)

[2025-09-26 19:38:16] Connection info: Array
(
    [host] => localhost
    [user] => root
    [db] => ccc_curriculum_evaluation
    [connected] => yes
    [connection_error] => None
)

[2025-09-26 19:38:16] Form submitted: Array
(
    [student_id] => 13
    [curriculum_id] => 511
    [program] => 
    [fiscal_year] => 
)

[2025-09-26 19:38:16] Connection info: Array
(
    [host] => localhost
    [user] => root
    [db] => ccc_curriculum_evaluation
    [connected] => yes
    [connection_error] => None
)

[2025-09-26 19:38:16] Validation failed - missing required fields: program, fiscal year
[2025-09-26 19:41:40] Form submitted: Array
(
    [student_id] => 13
    [curriculum_id] => 511
    [program] => 
    [fiscal_year] => 
)

[2025-09-26 19:41:40] Connection info: Array
(
    [host] => localhost
    [user] => root
    [db] => ccc_curriculum_evaluation
    [connected] => yes
    [connection_error] => None
)

[2025-09-26 19:41:40] Validation failed - missing required fields: program, fiscal year
[2025-09-26 19:41:52] Form submitted: Array
(
    [student_id] => 50
    [curriculum_id] => 17
    [program] => BSIT
    [fiscal_year] => 2022-2023
)

[2025-09-26 19:41:52] Connection info: Array
(
    [host] => localhost
    [user] => root
    [db] => ccc_curriculum_evaluation
    [connected] => yes
    [connection_error] => None
)

[2025-09-26 19:41:52] Form submitted: Array
(
    [student_id] => 50
    [curriculum_id] => 17
    [program] => BSIT
    [fiscal_year] => 2022-2023
)

[2025-09-26 19:41:52] Connection info: Array
(
    [host] => localhost
    [user] => root
    [db] => ccc_curriculum_evaluation
    [connected] => yes
    [connection_error] => None
)

[2025-09-26 19:41:52] Form submitted: Array
(
    [student_id] => 13
    [curriculum_id] => 511
    [program] => 
    [fiscal_year] => 
)

[2025-09-26 19:41:52] Connection info: Array
(
    [host] => localhost
    [user] => root
    [db] => ccc_curriculum_evaluation
    [connected] => yes
    [connection_error] => None
)

[2025-09-26 19:41:52] Validation failed - missing required fields: program, fiscal year
[2025-09-26 19:43:08] Form submitted: Array
(
    [student_id] => 13
    [curriculum_id] => 511
    [program] => 
    [fiscal_year] => 
)

[2025-09-26 19:43:08] Connection info: Array
(
    [host] => localhost
    [user] => root
    [db] => ccc_curriculum_evaluation
    [connected] => yes
    [connection_error] => None
)

[2025-09-26 19:43:08] Validation failed - missing required fields: program, fiscal year
[2025-09-26 19:43:11] Form submitted: Array
(
    [student_id] => 13
    [curriculum_id] => 511
    [program] => 
    [fiscal_year] => 
)

[2025-09-26 19:43:11] Connection info: Array
(
    [host] => localhost
    [user] => root
    [db] => ccc_curriculum_evaluation
    [connected] => yes
    [connection_error] => None
)

[2025-09-26 19:43:11] Validation failed - missing required fields: program, fiscal year
[2025-09-26 19:43:22] Form submitted: Array
(
    [student_id] => 50
    [curriculum_id] => 17
    [program] => BSIT
    [fiscal_year] => 2022-2023
)

[2025-09-26 19:43:22] Connection info: Array
(
    [host] => localhost
    [user] => root
    [db] => ccc_curriculum_evaluation
    [connected] => yes
    [connection_error] => None
)

[2025-09-26 19:43:22] Form submitted: Array
(
    [student_id] => 13
    [curriculum_id] => 511
    [program] => 
    [fiscal_year] => 
)

[2025-09-26 19:43:22] Connection info: Array
(
    [host] => localhost
    [user] => root
    [db] => ccc_curriculum_evaluation
    [connected] => yes
    [connection_error] => None
)

[2025-09-26 19:43:22] Validation failed - missing required fields: program, fiscal year
[2025-09-26 20:11:23] Form submitted: Array
(
    [student_id] => 13
    [curriculum_id] => 511
    [program] => 
    [fiscal_year] => 
)

[2025-09-26 20:11:23] Connection info: Array
(
    [host] => localhost
    [user] => root
    [db] => ccc_curriculum_evaluation
    [connected] => yes
    [connection_error] => None
)

[2025-09-26 20:11:23] Validation failed - missing required fields: program, fiscal year
[2025-09-26 20:11:34] Form submitted: Array
(
    [student_id] => 50
    [program] => BSIT
    [fiscal_year] => 2022-2023
    [curriculum_id] => 17
)

[2025-09-26 20:11:34] Connection info: Array
(
    [host] => localhost
    [user] => root
    [db] => ccc_curriculum_evaluation
    [connected] => yes
    [connection_error] => None
)

[2025-09-26 20:11:34] Form submitted: Array
(
    [student_id] => 13
    [curriculum_id] => 511
    [program] => 
    [fiscal_year] => 
)

[2025-09-26 20:11:34] Connection info: Array
(
    [host] => localhost
    [user] => root
    [db] => ccc_curriculum_evaluation
    [connected] => yes
    [connection_error] => None
)

[2025-09-26 20:11:34] Validation failed - missing required fields: program, fiscal year
[2025-09-26 20:11:55] Form submitted: Array
(
    [student_id] => 50
    [program] => BSIT
    [fiscal_year] => 2022-2023
    [curriculum_id] => 17
)

[2025-09-26 20:11:55] Connection info: Array
(
    [host] => localhost
    [user] => root
    [db] => ccc_curriculum_evaluation
    [connected] => yes
    [connection_error] => None
)

